This is pdfTeX, Version 3.14159265-2.6-1.40.19 (MiKTeX 2.9.6840 64-bit) (preloaded format=pdflatex 2019.5.10)  17 JUL 2020 02:11
entering extended mode
**./[TTKT][BC].tex
([TTKT][BC].tex
LaTeX2e <2018-04-01> patch level 5
("C:\Users\hoang\AppData\Local\Programs\MiKTeX 2.9\tex\latex\base\report.cls"
Document Class: report 2014/09/29 v1.4h Standard LaTeX document class
("C:\Users\hoang\AppData\Local\Programs\MiKTeX 2.9\tex\latex\base\size12.clo"
File: size12.clo 2014/09/29 v1.4h Standard LaTeX file (size option)
)
\c@part=\count80
\c@chapter=\count81
\c@section=\count82
\c@subsection=\count83
\c@subsubsection=\count84
\c@paragraph=\count85
\c@subparagraph=\count86
\c@figure=\count87
\c@table=\count88
\abovecaptionskip=\skip41
\belowcaptionskip=\skip42
\bibindent=\dimen102
) ("C:\Users\hoang\AppData\Local\Programs\MiKTeX 2.9\tex\latex\vntex\vietnam.st
y"
Package: vietnam 2009/07/12 v1.3 support for Vietnamese
 ("C:\Users\hoang\AppData\Local\Programs\MiKTeX 2.9\tex\latex\base\ifthen.sty"
Package: ifthen 2014/09/29 v1.1c Standard LaTeX ifthen package (DPC)
) ("C:\Users\hoang\AppData\Local\Programs\MiKTeX 2.9\tex\latex\base\fontenc.sty
"
Package: fontenc 2017/04/05 v2.0i Standard LaTeX package
 ("C:\Users\hoang\AppData\Local\Programs\MiKTeX 2.9\tex\latex\vntex\t5enc.def"
File: t5enc.def 2006/11/21 v1.4 Vietnamese T5 encoding
Now handling font encoding T5 ...
... processing UTF-8 mapping file for font encoding T5
("C:\Users\hoang\AppData\Local\Programs\MiKTeX 2.9\tex\latex\vntex\t5enc.dfu"
File: t5enc.dfu 2006/08/19 v1.1 UTF8 support for Vietnamese
   defining Unicode char U+00AB (decimal 171)
   defining Unicode char U+00BB (decimal 187)
   defining Unicode char U+00C0 (decimal 192)
   defining Unicode char U+00C1 (decimal 193)
   defining Unicode char U+00C2 (decimal 194)
   defining Unicode char U+00C3 (decimal 195)
   defining Unicode char U+00C8 (decimal 200)
   defining Unicode char U+00C9 (decimal 201)
   defining Unicode char U+00CA (decimal 202)
   defining Unicode char U+00CC (decimal 204)
   defining Unicode char U+00CD (decimal 205)
   defining Unicode char U+00D2 (decimal 210)
   defining Unicode char U+00D3 (decimal 211)
   defining Unicode char U+00D4 (decimal 212)
   defining Unicode char U+00D5 (decimal 213)
   defining Unicode char U+00D9 (decimal 217)
   defining Unicode char U+00DA (decimal 218)
   defining Unicode char U+00DD (decimal 221)
   defining Unicode char U+00E0 (decimal 224)
   defining Unicode char U+00E1 (decimal 225)
   defining Unicode char U+00E2 (decimal 226)
   defining Unicode char U+00E3 (decimal 227)
   defining Unicode char U+00E8 (decimal 232)
   defining Unicode char U+00E9 (decimal 233)
   defining Unicode char U+00EA (decimal 234)
   defining Unicode char U+00EC (decimal 236)
   defining Unicode char U+00ED (decimal 237)
   defining Unicode char U+00F2 (decimal 242)
   defining Unicode char U+00F3 (decimal 243)
   defining Unicode char U+00F4 (decimal 244)
   defining Unicode char U+00F5 (decimal 245)
   defining Unicode char U+00F9 (decimal 249)
   defining Unicode char U+00FA (decimal 250)
   defining Unicode char U+00FD (decimal 253)
   defining Unicode char U+0102 (decimal 258)
   defining Unicode char U+0103 (decimal 259)
   defining Unicode char U+0110 (decimal 272)
   defining Unicode char U+0111 (decimal 273)
   defining Unicode char U+0128 (decimal 296)
   defining Unicode char U+0129 (decimal 297)
   defining Unicode char U+0131 (decimal 305)
   defining Unicode char U+0168 (decimal 360)
   defining Unicode char U+0169 (decimal 361)
   defining Unicode char U+01A0 (decimal 416)
   defining Unicode char U+01A1 (decimal 417)
   defining Unicode char U+01AF (decimal 431)
   defining Unicode char U+01B0 (decimal 432)
   defining Unicode char U+1EA0 (decimal 7840)
   defining Unicode char U+1EA1 (decimal 7841)
   defining Unicode char U+1EA2 (decimal 7842)
   defining Unicode char U+1EA3 (decimal 7843)
   defining Unicode char U+1EA4 (decimal 7844)
   defining Unicode char U+1EA5 (decimal 7845)
   defining Unicode char U+1EA6 (decimal 7846)
   defining Unicode char U+1EA7 (decimal 7847)
   defining Unicode char U+1EA8 (decimal 7848)
   defining Unicode char U+1EA9 (decimal 7849)
   defining Unicode char U+1EAA (decimal 7850)
   defining Unicode char U+1EAB (decimal 7851)
   defining Unicode char U+1EAC (decimal 7852)
   defining Unicode char U+1EAD (decimal 7853)
   defining Unicode char U+1EAE (decimal 7854)
   defining Unicode char U+1EAF (decimal 7855)
   defining Unicode char U+1EB0 (decimal 7856)
   defining Unicode char U+1EB1 (decimal 7857)
   defining Unicode char U+1EB2 (decimal 7858)
   defining Unicode char U+1EB3 (decimal 7859)
   defining Unicode char U+1EB4 (decimal 7860)
   defining Unicode char U+1EB5 (decimal 7861)
   defining Unicode char U+1EB6 (decimal 7862)
   defining Unicode char U+1EB7 (decimal 7863)
   defining Unicode char U+1EB8 (decimal 7864)
   defining Unicode char U+1EB9 (decimal 7865)
   defining Unicode char U+1EBA (decimal 7866)
   defining Unicode char U+1EBB (decimal 7867)
   defining Unicode char U+1EBC (decimal 7868)
   defining Unicode char U+1EBD (decimal 7869)
   defining Unicode char U+1EBE (decimal 7870)
   defining Unicode char U+1EBF (decimal 7871)
   defining Unicode char U+1EC0 (decimal 7872)
   defining Unicode char U+1EC1 (decimal 7873)
   defining Unicode char U+1EC2 (decimal 7874)
   defining Unicode char U+1EC3 (decimal 7875)
   defining Unicode char U+1EC4 (decimal 7876)
   defining Unicode char U+1EC5 (decimal 7877)
   defining Unicode char U+1EC6 (decimal 7878)
   defining Unicode char U+1EC7 (decimal 7879)
   defining Unicode char U+1EC8 (decimal 7880)
   defining Unicode char U+1EC9 (decimal 7881)
   defining Unicode char U+1ECA (decimal 7882)
   defining Unicode char U+1ECB (decimal 7883)
   defining Unicode char U+1ECC (decimal 7884)
   defining Unicode char U+1ECD (decimal 7885)
   defining Unicode char U+1ECE (decimal 7886)
   defining Unicode char U+1ECF (decimal 7887)
   defining Unicode char U+1ED0 (decimal 7888)
   defining Unicode char U+1ED1 (decimal 7889)
   defining Unicode char U+1ED2 (decimal 7890)
   defining Unicode char U+1ED3 (decimal 7891)
   defining Unicode char U+1ED4 (decimal 7892)
   defining Unicode char U+1ED5 (decimal 7893)
   defining Unicode char U+1ED6 (decimal 7894)
   defining Unicode char U+1ED7 (decimal 7895)
   defining Unicode char U+1ED8 (decimal 7896)
   defining Unicode char U+1ED9 (decimal 7897)
   defining Unicode char U+1EDA (decimal 7898)
   defining Unicode char U+1EDB (decimal 7899)
   defining Unicode char U+1EDC (decimal 7900)
   defining Unicode char U+1EDD (decimal 7901)
   defining Unicode char U+1EDE (decimal 7902)
   defining Unicode char U+1EDF (decimal 7903)
   defining Unicode char U+1EE0 (decimal 7904)
   defining Unicode char U+1EE1 (decimal 7905)
   defining Unicode char U+1EE2 (decimal 7906)
   defining Unicode char U+1EE3 (decimal 7907)
   defining Unicode char U+1EE4 (decimal 7908)
   defining Unicode char U+1EE5 (decimal 7909)
   defining Unicode char U+1EE6 (decimal 7910)
   defining Unicode char U+1EE7 (decimal 7911)
   defining Unicode char U+1EE8 (decimal 7912)
   defining Unicode char U+1EE9 (decimal 7913)
   defining Unicode char U+1EEA (decimal 7914)
   defining Unicode char U+1EEB (decimal 7915)
   defining Unicode char U+1EEC (decimal 7916)
   defining Unicode char U+1EED (decimal 7917)
   defining Unicode char U+1EEE (decimal 7918)
   defining Unicode char U+1EEF (decimal 7919)
   defining Unicode char U+1EF0 (decimal 7920)
   defining Unicode char U+1EF1 (decimal 7921)
   defining Unicode char U+1EF2 (decimal 7922)
   defining Unicode char U+1EF3 (decimal 7923)
   defining Unicode char U+1EF4 (decimal 7924)
   defining Unicode char U+1EF5 (decimal 7925)
   defining Unicode char U+1EF6 (decimal 7926)
   defining Unicode char U+1EF7 (decimal 7927)
   defining Unicode char U+1EF8 (decimal 7928)
   defining Unicode char U+1EF9 (decimal 7929)
   defining Unicode char U+200C (decimal 8204)
   defining Unicode char U+2013 (decimal 8211)
   defining Unicode char U+2014 (decimal 8212)
   defining Unicode char U+2018 (decimal 8216)
   defining Unicode char U+2019 (decimal 8217)
   defining Unicode char U+201A (decimal 8218)
   defining Unicode char U+201C (decimal 8220)
   defining Unicode char U+201D (decimal 8221)
   defining Unicode char U+201E (decimal 8222)
   defining Unicode char U+2030 (decimal 8240)
   defining Unicode char U+2031 (decimal 8241)
   defining Unicode char U+2039 (decimal 8249)
   defining Unicode char U+203A (decimal 8250)
   defining Unicode char U+2423 (decimal 9251)
))
LaTeX Font Info:    Try loading font information for T5+cmr on input line 105.
("C:\Users\hoang\AppData\Local\Programs\MiKTeX 2.9\tex\latex\vntex\t5cmr.fd"
File: t5cmr.fd 1999/05/25 v2.5h Standard LaTeX font definitions
))
("C:\Users\hoang\AppData\Local\Programs\MiKTeX 2.9\tex\latex\base\inputenc.sty"
Package: inputenc 2018/04/06 v1.3b Input encoding file
\inpenc@prehook=\toks14
\inpenc@posthook=\toks15
) ("C:\Users\hoang\AppData\Local\Programs\MiKTeX 2.9\tex\latex\vntex\vncaps.tex
"
File: vncaps.tex 2006/06/07 v1.1 Captions in Vietnamese
))
("C:\Users\hoang\AppData\Local\Programs\MiKTeX 2.9\tex\latex\amsmath\amsmath.st
y"
Package: amsmath 2020/01/20 v2.17e AMS math features
\@mathmargin=\skip43

For additional information on amsmath, use the `?' option.

("C:\Users\hoang\AppData\Local\Programs\MiKTeX 2.9\tex\latex\amsmath\amstext.st
y"
Package: amstext 2000/06/29 v2.01 AMS text

("C:\Users\hoang\AppData\Local\Programs\MiKTeX 2.9\tex\latex\amsmath\amsgen.sty
"
File: amsgen.sty 1999/11/30 v2.0 generic functions
\@emptytoks=\toks16
\ex@=\dimen103
))
("C:\Users\hoang\AppData\Local\Programs\MiKTeX 2.9\tex\latex\amsmath\amsbsy.sty
"
Package: amsbsy 1999/11/29 v1.2d Bold Symbols
\pmbraise@=\dimen104
)
("C:\Users\hoang\AppData\Local\Programs\MiKTeX 2.9\tex\latex\amsmath\amsopn.sty
"
Package: amsopn 2016/03/08 v2.02 operator names
)
\inf@bad=\count89
LaTeX Info: Redefining \frac on input line 227.
\uproot@=\count90
\leftroot@=\count91
LaTeX Info: Redefining \overline on input line 389.
\classnum@=\count92
\DOTSCASE@=\count93
LaTeX Info: Redefining \ldots on input line 486.
LaTeX Info: Redefining \dots on input line 489.
LaTeX Info: Redefining \cdots on input line 610.
\Mathstrutbox@=\box26
\strutbox@=\box27
\big@size=\dimen105
LaTeX Font Info:    Redeclaring font encoding OML on input line 733.
LaTeX Font Info:    Redeclaring font encoding OMS on input line 734.
\macc@depth=\count94
\c@MaxMatrixCols=\count95
\dotsspace@=\muskip10
\c@parentequation=\count96
\dspbrk@lvl=\count97
\tag@help=\toks17
\row@=\count98
\column@=\count99
\maxfields@=\count100
\andhelp@=\toks18
\eqnshift@=\dimen106
\alignsep@=\dimen107
\tagshift@=\dimen108
\tagwidth@=\dimen109
\totwidth@=\dimen110
\lineht@=\dimen111
\@envbody=\toks19
\multlinegap=\skip44
\multlinetaggap=\skip45
\mathdisplay@stack=\toks20
LaTeX Info: Redefining \[ on input line 2859.
LaTeX Info: Redefining \] on input line 2860.
)
("C:\Users\hoang\AppData\Local\Programs\MiKTeX 2.9\tex\latex\amsfonts\amsfonts.
sty"
Package: amsfonts 2013/01/14 v3.01 Basic AMSFonts support
\symAMSa=\mathgroup4
\symAMSb=\mathgroup5
LaTeX Font Info:    Overwriting math alphabet `\mathfrak' in version `bold'
(Font)                  U/euf/m/n --> U/euf/b/n on input line 106.
)
("C:\Users\hoang\AppData\Local\Programs\MiKTeX 2.9\tex\latex\amsfonts\amssymb.s
ty"
Package: amssymb 2013/01/14 v3.01 AMS font symbols
)
("C:\Users\hoang\AppData\Local\Programs\MiKTeX 2.9\tex\latex\base\makeidx.sty"
Package: makeidx 2014/09/29 v1.0m Standard LaTeX package
)
("C:\Users\hoang\AppData\Local\Programs\MiKTeX 2.9\tex\latex\graphics\graphicx.
sty"
Package: graphicx 2017/06/01 v1.1a Enhanced LaTeX Graphics (DPC,SPQR)

("C:\Users\hoang\AppData\Local\Programs\MiKTeX 2.9\tex\latex\graphics\keyval.st
y"
Package: keyval 2014/10/28 v1.15 key=value parser (DPC)
\KV@toks@=\toks21
)
("C:\Users\hoang\AppData\Local\Programs\MiKTeX 2.9\tex\latex\graphics\graphics.
sty"
Package: graphics 2017/06/25 v1.2c Standard LaTeX Graphics (DPC,SPQR)

("C:\Users\hoang\AppData\Local\Programs\MiKTeX 2.9\tex\latex\graphics\trig.sty"
Package: trig 2016/01/03 v1.10 sin cos tan (DPC)
)
("C:\Users\hoang\AppData\Local\Programs\MiKTeX 2.9\tex\latex\graphics-cfg\graph
ics.cfg"
File: graphics.cfg 2016/06/04 v1.11 sample graphics configuration
)
Package graphics Info: Driver file: pdftex.def on input line 99.

("C:\Users\hoang\AppData\Local\Programs\MiKTeX 2.9\tex\latex\graphics-def\pdfte
x.def"
File: pdftex.def 2018/01/08 v1.0l Graphics/color driver for pdftex
))
\Gin@req@height=\dimen112
\Gin@req@width=\dimen113
)
("C:\Users\hoang\AppData\Local\Programs\MiKTeX 2.9\tex\latex\fancybox\fancybox.
sty"
Package: fancybox 2010/05/15 1.4

Style option: `fancybox' v1.4 <2010/05/15> (tvz)
\@fancybox=\box28
\shadowsize=\dimen114
\@Sbox=\box29
\do@VerbBox=\toks22
\the@fancyput=\toks23
\this@fancyput=\toks24
\EndVerbatimTokens=\toks25
\Verbatim@Outfile=\write3
\Verbatim@Infile=\read1
)
("C:\Users\hoang\AppData\Local\Programs\MiKTeX 2.9\tex\latex\geometry\geometry.
sty"
Package: geometry 2018/04/16 v5.8 Page Geometry

("C:\Users\hoang\AppData\Local\Programs\MiKTeX 2.9\tex\generic\oberdiek\ifpdf.s
ty"
Package: ifpdf 2018/09/07 v3.3 Provides the ifpdf switch
)
("C:\Users\hoang\AppData\Local\Programs\MiKTeX 2.9\tex\generic\oberdiek\ifvtex.
sty"
Package: ifvtex 2016/05/16 v1.6 Detect VTeX and its facilities (HO)
Package ifvtex Info: VTeX not detected.
)
("C:\Users\hoang\AppData\Local\Programs\MiKTeX 2.9\tex\generic\ifxetex\ifxetex.
sty"
Package: ifxetex 2010/09/12 v0.6 Provides ifxetex conditional
)
\Gm@cnth=\count101
\Gm@cntv=\count102
\c@Gm@tempcnt=\count103
\Gm@bindingoffset=\dimen115
\Gm@wd@mp=\dimen116
\Gm@odd@mp=\dimen117
\Gm@even@mp=\dimen118
\Gm@layoutwidth=\dimen119
\Gm@layoutheight=\dimen120
\Gm@layouthoffset=\dimen121
\Gm@layoutvoffset=\dimen122
\Gm@dimlist=\toks26

("C:\Users\hoang\AppData\Local\Programs\MiKTeX 2.9\tex\latex\geometry\geometry.
cfg"))
("C:\Users\hoang\AppData\Local\Programs\MiKTeX 2.9\tex\latex\koma-script\scrext
end.sty"
Package: scrextend 2019/10/12 v3.27 KOMA-Script package (extend other classes w
ith features of KOMA-Script classes)

("C:\Users\hoang\AppData\Local\Programs\MiKTeX 2.9\tex\latex\koma-script\scrkba
se.sty"
Package: scrkbase 2019/10/12 v3.27 KOMA-Script package (KOMA-Script-dependent b
asics and keyval usage)

("C:\Users\hoang\AppData\Local\Programs\MiKTeX 2.9\tex\latex\koma-script\scrbas
e.sty"
Package: scrbase 2019/10/12 v3.27 KOMA-Script package (KOMA-Script-independent 
basics and keyval usage)

("C:\Users\hoang\AppData\Local\Programs\MiKTeX 2.9\tex\latex\koma-script\scrlfi
le.sty"
Package: scrlfile 2019/10/12 v3.27 KOMA-Script package (loading files)
))))
("C:\Users\hoang\AppData\Local\Programs\MiKTeX 2.9\tex\latex\fancyhdr\fancyhdr.
sty"
Package: fancyhdr 2019/01/31 v3.10 Extensive control of page headers and footer
s
\f@nch@headwidth=\skip46
\f@nch@O@elh=\skip47
\f@nch@O@erh=\skip48
\f@nch@O@olh=\skip49
\f@nch@O@orh=\skip50
\f@nch@O@elf=\skip51
\f@nch@O@erf=\skip52
\f@nch@O@olf=\skip53
\f@nch@O@orf=\skip54
) ([TTKT][BC].aux

LaTeX Warning: Label `latex' multiply defined.


LaTeX Warning: Label `latex' multiply defined.

)
\openout1 = `[TTKT][BC].aux'.

LaTeX Font Info:    Checking defaults for OML/cmm/m/it on input line 22.
LaTeX Font Info:    ... okay on input line 22.
LaTeX Font Info:    Checking defaults for T1/cmr/m/n on input line 22.
LaTeX Font Info:    ... okay on input line 22.
LaTeX Font Info:    Checking defaults for OT1/cmr/m/n on input line 22.
LaTeX Font Info:    ... okay on input line 22.
LaTeX Font Info:    Checking defaults for OMS/cmsy/m/n on input line 22.
LaTeX Font Info:    ... okay on input line 22.
LaTeX Font Info:    Checking defaults for OMX/cmex/m/n on input line 22.
LaTeX Font Info:    ... okay on input line 22.
LaTeX Font Info:    Checking defaults for U/cmr/m/n on input line 22.
LaTeX Font Info:    ... okay on input line 22.
LaTeX Font Info:    Checking defaults for T5/cmr/m/n on input line 22.
LaTeX Font Info:    ... okay on input line 22.

("C:\Users\hoang\AppData\Local\Programs\MiKTeX 2.9\tex\context\base\mkii\supp-p
df.mkii"
[Loading MPS to PDF converter (version 2006.09.02).]
\scratchcounter=\count104
\scratchdimen=\dimen123
\scratchbox=\box30
\nofMPsegments=\count105
\nofMParguments=\count106
\everyMPshowfont=\toks27
\MPscratchCnt=\count107
\MPscratchDim=\dimen124
\MPnumerator=\count108
\makeMPintoPDFobject=\count109
\everyMPtoPDFconversion=\toks28
)
("C:\Users\hoang\AppData\Local\Programs\MiKTeX 2.9\tex\latex\oberdiek\epstopdf-
base.sty"
Package: epstopdf-base 2016/05/15 v2.6 Base part for package epstopdf

("C:\Users\hoang\AppData\Local\Programs\MiKTeX 2.9\tex\generic\oberdiek\infware
rr.sty"
Package: infwarerr 2016/05/16 v1.4 Providing info/warning/error messages (HO)
)
("C:\Users\hoang\AppData\Local\Programs\MiKTeX 2.9\tex\latex\oberdiek\grfext.st
y"
Package: grfext 2016/05/16 v1.2 Manage graphics extensions (HO)

("C:\Users\hoang\AppData\Local\Programs\MiKTeX 2.9\tex\generic\oberdiek\kvdefin
ekeys.sty"
Package: kvdefinekeys 2016/05/16 v1.4 Define keys (HO)

("C:\Users\hoang\AppData\Local\Programs\MiKTeX 2.9\tex\generic\oberdiek\ltxcmds
.sty"
Package: ltxcmds 2016/05/16 v1.23 LaTeX kernel commands for general use (HO)
)))
("C:\Users\hoang\AppData\Local\Programs\MiKTeX 2.9\tex\latex\oberdiek\kvoptions
.sty"
Package: kvoptions 2016/05/16 v3.12 Key value format for package options (HO)

("C:\Users\hoang\AppData\Local\Programs\MiKTeX 2.9\tex\generic\oberdiek\kvsetke
ys.sty"
Package: kvsetkeys 2016/05/16 v1.17 Key value parser (HO)

("C:\Users\hoang\AppData\Local\Programs\MiKTeX 2.9\tex\generic\oberdiek\etexcmd
s.sty"
Package: etexcmds 2016/05/16 v1.6 Avoid name clashes with e-TeX commands (HO)

("C:\Users\hoang\AppData\Local\Programs\MiKTeX 2.9\tex\generic\oberdiek\ifluate
x.sty"
Package: ifluatex 2016/05/16 v1.4 Provides the ifluatex switch (HO)
Package ifluatex Info: LuaTeX not detected.
)
Package etexcmds Info: Could not find \expanded.
(etexcmds)             That can mean that you are not using pdfTeX 1.50 or
(etexcmds)             that some package has redefined \expanded.
(etexcmds)             In the latter case, load this package earlier.
)))
("C:\Users\hoang\AppData\Local\Programs\MiKTeX 2.9\tex\generic\oberdiek\pdftexc
mds.sty"
Package: pdftexcmds 2018/09/10 v0.29 Utility functions of pdfTeX for LuaTeX (HO
)
Package pdftexcmds Info: LuaTeX not detected.
Package pdftexcmds Info: \pdf@primitive is available.
Package pdftexcmds Info: \pdf@ifprimitive is available.
Package pdftexcmds Info: \pdfdraftmode found.
)
Package epstopdf-base Info: Redefining graphics rule for `.eps' on input line 4
38.
Package grfext Info: Graphics extension search list:
(grfext)             [.pdf,.png,.jpg,.mps,.jpeg,.jbig2,.jb2,.PDF,.PNG,.JPG,.JPE
G,.JBIG2,.JB2,.eps]
(grfext)             \AppendGraphicsExtensions on input line 456.
)
*geometry* driver: auto-detecting
*geometry* detected driver: pdftex
*geometry* verbose mode - [ preamble ] result:
* driver: pdftex
* paper: a4paper
* layout: <same size as paper>
* layoutoffset:(h,v)=(0.0pt,0.0pt)
* modes: 
* h-part:(L,W,R)=(99.58464pt, 441.01773pt, 56.9055pt)
* v-part:(T,H,B)=(99.58464pt, 660.10394pt, 85.35826pt)
* \paperwidth=597.50787pt
* \paperheight=845.04684pt
* \textwidth=441.01773pt
* \textheight=660.10394pt
* \oddsidemargin=27.31465pt
* \evensidemargin=27.31465pt
* \topmargin=-9.68535pt
* \headheight=12.0pt
* \headsep=25.0pt
* \topskip=12.0pt
* \footskip=30.0pt
* \marginparwidth=35.0pt
* \marginparsep=10.0pt
* \columnsep=10.0pt
* \skip\footins=11.69997pt plus 5.19942pt minus 2.60054pt
* \hoffset=0.0pt
* \voffset=0.0pt
* \mag=1000
* \@twocolumnfalse
* \@twosidefalse
* \@mparswitchfalse
* \@reversemarginfalse
* (1in=72.27pt=25.4mm, 1cm=28.453pt)

<bk.png, id=1, 225.84375pt x 336.50719pt>
File: bk.png Graphic file (type png)
<use bk.png>
Package pdftex.def Info: bk.png  used on input line 36.
(pdftex.def)             Requested size: 112.92159pt x 168.25317pt.
LaTeX Font Info:    Calculating math sizes for size <14> on input line 51.
LaTeX Font Info:    Try loading font information for U+msa on input line 51.
("C:\Users\hoang\AppData\Local\Programs\MiKTeX 2.9\tex\latex\amsfonts\umsa.fd"
File: umsa.fd 2013/01/14 v3.01 AMS symbols A
)
LaTeX Font Info:    Try loading font information for U+msb on input line 51.
("C:\Users\hoang\AppData\Local\Programs\MiKTeX 2.9\tex\latex\amsfonts\umsb.fd"
File: umsb.fd 2013/01/14 v3.01 AMS symbols B
) [1

{C:/Users/hoang/AppData/Local/MiKTeX/2.9/pdftex/config/pdftex.map} <./bk.png>]
Underfull \hbox (badness 10000) in paragraph at lines 64--75

 []


Underfull \hbox (badness 10000) in paragraph at lines 64--75

 []


Underfull \hbox (badness 10000) in paragraph at lines 64--75

 []


Underfull \hbox (badness 10000) in paragraph at lines 64--75

 []

[2

] ([TTKT][BC].toc
LaTeX Font Info:    Calculating math sizes for size <13> on input line 2.


LaTeX Font Warning: Font shape `OT1/cmr/m/n' in size <13> not available
(Font)              size <12> substituted on input line 2.


LaTeX Font Warning: Font shape `OT1/cmr/m/n' in size <6.5> not available
(Font)              size <6> substituted on input line 2.


LaTeX Font Warning: Font shape `OML/cmm/m/it' in size <13> not available
(Font)              size <12> substituted on input line 2.


LaTeX Font Warning: Font shape `OML/cmm/m/it' in size <6.5> not available
(Font)              size <6> substituted on input line 2.


LaTeX Font Warning: Font shape `OMS/cmsy/m/n' in size <13> not available
(Font)              size <12> substituted on input line 2.


LaTeX Font Warning: Font shape `OMS/cmsy/m/n' in size <6.5> not available
(Font)              size <6> substituted on input line 2.

)
\tf@toc=\write4
\openout4 = `[TTKT][BC].toc'.

 [3

]
Ch\uhorn \ohorn ng 1.
LaTeX Font Info:    Try loading font information for OMS+cmr on input line 86.
("C:\Users\hoang\AppData\Local\Programs\MiKTeX 2.9\tex\latex\base\omscmr.fd"
File: omscmr.fd 2014/09/29 v2.5h Standard LaTeX font definitions
)
LaTeX Font Info:    Font shape `OMS/cmr/m/n' in size <13> not available
(Font)              Font shape `OMS/cmsy/m/n' tried instead on input line 86.


LaTeX Font Warning: Font shape `OMS/cmsy/m/n' in size <13> not available
(Font)              size <12> substituted on input line 86.


Underfull \hbox (badness 10000) in paragraph at lines 90--95

 []


Underfull \hbox (badness 10000) in paragraph at lines 90--95

 []

[4

]
Underfull \hbox (badness 10000) in paragraph at lines 100--105

 []


Underfull \hbox (badness 10000) in paragraph at lines 115--116

 []


Underfull \hbox (badness 10000) in paragraph at lines 115--116

 []


Package Fancyhdr Warning: \headheight is too small (12.0pt): 
Make it at least 14.93912pt.
We now make it that large for the rest of the document.
This may cause the page layout to be inconsistent, however.

[5]
Underfull \hbox (badness 10000) in paragraph at lines 118--120

 []

[6]
Ch\uhorn \ohorn ng 2.
<1.png, id=25, 320.69812pt x 142.28156pt>
File: 1.png Graphic file (type png)
<use 1.png>
Package pdftex.def Info: 1.png  used on input line 130.
(pdftex.def)             Requested size: 256.55884pt x 113.8254pt.
[7

 <./1.png>]
<2.jpg, id=32, 291.0875pt x 174.6525pt>
File: 2.jpg Graphic file (type jpg)
<use 2.jpg>
Package pdftex.def Info: 2.jpg  used on input line 142.
(pdftex.def)             Requested size: 232.8703pt x 139.72218pt.
<3.png, id=33, 469.755pt x 302.63063pt>
File: 3.png Graphic file (type png)
<use 3.png>
Package pdftex.def Info: 3.png  used on input line 146.
(pdftex.def)             Requested size: 328.82626pt x 211.83998pt.
 [8 <./2.jpg>]
<4.png, id=37, 828.09375pt x 449.68pt>
File: 4.png Graphic file (type png)
<use 4.png>
Package pdftex.def Info: 4.png  used on input line 150.
(pdftex.def)             Requested size: 430.61124pt x 233.83495pt.
<5.png, id=38, 828.09375pt x 332.24126pt>
File: 5.png Graphic file (type png)
<use 5.png>
Package pdftex.def Info: 5.png  used on input line 154.
(pdftex.def)             Requested size: 455.45297pt x 182.73325pt.

Overfull \hbox (14.43524pt too wide) in paragraph at lines 154--155
 [] 
 []

[9 <./3.png> <./4.png>] [10 <./5.png>]
Underfull \hbox (badness 10000) in paragraph at lines 175--178

 []


Underfull \hbox (badness 10000) in paragraph at lines 175--178

 []

<6.png, id=45, 413.29407pt x 18.82031pt>
File: 6.png Graphic file (type png)
<use 6.png>
Package pdftex.def Info: 6.png  used on input line 179.
(pdftex.def)             Requested size: 330.6357pt x 15.05624pt.
<7.png, id=46, 148.30406pt x 68.50594pt>
File: 7.png Graphic file (type png)
<use 7.png>
Package pdftex.def Info: 7.png  used on input line 185.
(pdftex.def)             Requested size: 148.30368pt x 68.50577pt.
<8.png, id=47, 311.66437pt x 294.34969pt>
File: 8.png Graphic file (type png)
<use 8.png>
Package pdftex.def Info: 8.png  used on input line 187.
(pdftex.def)             Requested size: 311.6636pt x 294.34895pt.
[11 <./6.png> <./7.png>]
Underfull \hbox (badness 10000) in paragraph at lines 189--190

 []

[12 <./8.png>]
<10.png, id=57, 213.04594pt x 35.38219pt>
File: 10.png Graphic file (type png)
<use 10.png>
Package pdftex.def Info: 10.png  used on input line 192.
(pdftex.def)             Requested size: 213.04541pt x 35.3821pt.
<11.png, id=58, 353.06906pt x 42.91031pt>
File: 11.png Graphic file (type png)
<use 11.png>
Package pdftex.def Info: 11.png  used on input line 195.
(pdftex.def)             Requested size: 353.06819pt x 42.91019pt.
<12.png, id=59, 203.25937pt x 33.87656pt>
File: 12.png Graphic file (type png)
<use 12.png>
Package pdftex.def Info: 12.png  used on input line 198.
(pdftex.def)             Requested size: 203.25887pt x 33.87646pt.
<13.png, id=60, 248.42813pt x 100.87688pt>
File: 13.png Graphic file (type png)
<use 13.png>
Package pdftex.def Info: 13.png  used on input line 201.
(pdftex.def)             Requested size: 248.42752pt x 100.87662pt.
 [13 <./10.png> <./11.png> <./12.png>]
<14.png, id=68, 186.6975pt x 35.38219pt>
File: 14.png Graphic file (type png)
<use 14.png>
Package pdftex.def Info: 14.png  used on input line 206.
(pdftex.def)             Requested size: 186.69704pt x 35.3821pt.
<15.png, id=69, 286.82156pt x 34.62938pt>
File: 15.png Graphic file (type png)
<use 15.png>
Package pdftex.def Info: 15.png  used on input line 208.
(pdftex.def)             Requested size: 286.82085pt x 34.62927pt.
<16.png, id=70, 264.99pt x 280.79906pt>
File: 16.png Graphic file (type png)
<use 16.png>
Package pdftex.def Info: 16.png  used on input line 211.
(pdftex.def)             Requested size: 264.98935pt x 280.79837pt.
 [14 <./13.png> <./14.png> <./15.png>]
<17.png, id=77, 472.76625pt x 69.25874pt>
File: 17.png Graphic file (type png)
<use 17.png>
Package pdftex.def Info: 17.png  used on input line 215.
(pdftex.def)             Requested size: 439.66806pt x 64.40994pt.
<18.png, id=78, 470.50781pt x 170.88844pt>
File: 18.png Graphic file (type png)
<use 18.png>
Package pdftex.def Info: 18.png  used on input line 216.
(pdftex.def)             Requested size: 437.56773pt x 158.92459pt.
<19.png, id=79, 409.53pt x 68.50594pt>
File: 19.png Graphic file (type png)
<use 19.png>
Package pdftex.def Info: 19.png  used on input line 217.
(pdftex.def)             Requested size: 380.85895pt x 63.70985pt.

Overfull \hbox (22.62558pt too wide) in paragraph at lines 214--218
\T5/cmr/m/n/13 mët c¡ch b¼nh th÷íng nh÷ nhúng thuëc t½nh kh¡c. Vue bi¸t ÷ñc vm
.reversedMessage
 []

[15 <./16.png> <./17.png> <./18.png>]
<20.png, id=86, 328.97906pt x 147.55125pt>
File: 20.png Graphic file (type png)
<use 20.png>
Package pdftex.def Info: 20.png  used on input line 220.
(pdftex.def)             Requested size: 328.97826pt x 147.55087pt.

Underfull \hbox (badness 10000) in paragraph at lines 219--221

 []


Underfull \hbox (badness 10000) in paragraph at lines 219--221

 []

[16 <./19.png> <./20.png>]
Underfull \hbox (badness 10000) in paragraph at lines 221--222

 []

<21.png, id=92, 287.57437pt x 32.37094pt>
File: 21.png Graphic file (type png)
<use 21.png>
Package pdftex.def Info: 21.png  used on input line 226.
(pdftex.def)             Requested size: 287.57367pt x 32.37085pt.
<22.png, id=93, 377.15906pt x 55.70813pt>
File: 22.png Graphic file (type png)
<use 22.png>
Package pdftex.def Info: 22.png  used on input line 228.
(pdftex.def)             Requested size: 377.15814pt x 55.70798pt.
<23.png, id=94, 135.50626pt x 63.23625pt>
File: 23.png Graphic file (type png)
<use 23.png>
Package pdftex.def Info: 23.png  used on input line 228.
(pdftex.def)             Requested size: 135.5059pt x 63.23608pt.
<24.png, id=95, 213.79875pt x 30.1125pt>
File: 24.png Graphic file (type png)
<use 24.png>
Package pdftex.def Info: 24.png  used on input line 228.
(pdftex.def)             Requested size: 213.79822pt x 30.11241pt.
<25.png, id=96, 248.42813pt x 139.27031pt>
File: 25.png Graphic file (type png)
<use 25.png>
Package pdftex.def Info: 25.png  used on input line 230.
(pdftex.def)             Requested size: 248.42752pt x 139.26996pt.
<26.png, id=97, 357.58594pt x 225.09094pt>
File: 26.png Graphic file (type png)
<use 26.png>
Package pdftex.def Info: 26.png  used on input line 231.
(pdftex.def)             Requested size: 357.58505pt x 225.09038pt.
<27.png, id=98, 310.15875pt x 112.16907pt>
File: 27.png Graphic file (type png)
<use 27.png>
Package pdftex.def Info: 27.png  used on input line 232.
(pdftex.def)             Requested size: 310.15799pt x 112.16878pt.
<28.png, id=99, 237.88875pt x 35.38219pt>
File: 28.png Graphic file (type png)
<use 28.png>
Package pdftex.def Info: 28.png  used on input line 232.
(pdftex.def)             Requested size: 237.88815pt x 35.3821pt.
<29.png, id=100, 390.70969pt x 25.59563pt>
File: 29.png Graphic file (type png)
<use 29.png>
Package pdftex.def Info: 29.png  used on input line 232.
(pdftex.def)             Requested size: 390.70872pt x 25.59555pt.
<30.png, id=101, 354.57469pt x 28.60687pt>
File: 30.png Graphic file (type png)
<use 30.png>
Package pdftex.def Info: 30.png  used on input line 232.
(pdftex.def)             Requested size: 354.57382pt x 28.6068pt.

Underfull \hbox (badness 10000) in paragraph at lines 225--233

 []


Underfull \hbox (badness 10000) in paragraph at lines 225--233

 []


Underfull \hbox (badness 10000) in paragraph at lines 225--233

 []

[17 <./21.png> <./22.png> <./23.png> <./24.png>] [18 <./25.png> <./26.png> <./2
7.png>]
<31.png, id=115, 425.33907pt x 111.41624pt>
File: 31.png Graphic file (type png)
<use 31.png>
Package pdftex.def Info: 31.png  used on input line 234.
(pdftex.def)             Requested size: 425.33801pt x 111.41597pt.
<32.png, id=116, 239.39438pt x 135.50626pt>
File: 32.png Graphic file (type png)
<use 32.png>
Package pdftex.def Info: 32.png  used on input line 235.
(pdftex.def)             Requested size: 239.39378pt x 135.5059pt.
<33.png, id=117, 328.22626pt x 27.10126pt>
File: 33.png Graphic file (type png)
<use 33.png>
Package pdftex.def Info: 33.png  used on input line 235.
(pdftex.def)             Requested size: 328.22545pt x 27.10118pt.
<34.png, id=118, 437.38406pt x 36.135pt>
File: 34.png Graphic file (type png)
<use 34.png>
Package pdftex.def Info: 34.png  used on input line 235.
(pdftex.def)             Requested size: 437.38298pt x 36.13489pt.

Underfull \hbox (badness 10000) in paragraph at lines 234--236

 []


Underfull \hbox (badness 10000) in paragraph at lines 234--236

 []


Underfull \hbox (badness 10000) in paragraph at lines 234--236

 []


Underfull \hbox (badness 10000) in paragraph at lines 234--236

 []


Underfull \hbox (badness 10000) in paragraph at lines 234--236

 []

[19 <./28.png> <./29.png> <./30.png> <./31.png> <./32.png>]
<35.png, id=128, 170.88844pt x 54.2025pt>
File: 35.png Graphic file (type png)
<use 35.png>
Package pdftex.def Info: 35.png  used on input line 238.
(pdftex.def)             Requested size: 170.88802pt x 54.20236pt.
<36.png, id=129, 222.8325pt x 28.60687pt>
File: 36.png Graphic file (type png)
<use 36.png>
Package pdftex.def Info: 36.png  used on input line 238.
(pdftex.def)             Requested size: 222.83195pt x 28.6068pt.
<37.png, id=130, 212.29312pt x 45.16875pt>
File: 37.png Graphic file (type png)
<use 37.png>
Package pdftex.def Info: 37.png  used on input line 238.
(pdftex.def)             Requested size: 212.2926pt x 45.16862pt.
<38.png, id=131, 250.68657pt x 73.77562pt>
File: 38.png Graphic file (type png)
<use 38.png>
Package pdftex.def Info: 38.png  used on input line 239.
(pdftex.def)             Requested size: 250.68594pt x 73.77542pt.
<39.png, id=132, 267.24844pt x 74.52844pt>
File: 39.png Graphic file (type png)
<use 39.png>
Package pdftex.def Info: 39.png  used on input line 239.
(pdftex.def)             Requested size: 267.24779pt x 74.52824pt.
 [20 <./33.png> <./34.png> <./35.png> <./36.png> <./37.png>]
<40.png, id=141, 197.98969pt x 29.35968pt>
File: 40.png Graphic file (type png)
<use 40.png>
Package pdftex.def Info: 40.png  used on input line 241.
(pdftex.def)             Requested size: 197.9892pt x 29.35959pt.
<41.png, id=142, 210.03468pt x 258.9675pt>
File: 41.png Graphic file (type png)
<use 41.png>
Package pdftex.def Info: 41.png  used on input line 244.
(pdftex.def)             Requested size: 210.03416pt x 258.96684pt.
<42.png, id=143, 97.86563pt x 63.23625pt>
File: 42.png Graphic file (type png)
<use 42.png>
Package pdftex.def Info: 42.png  used on input line 244.
(pdftex.def)             Requested size: 97.86537pt x 63.23608pt.
<43.png, id=144, 353.82187pt x 269.50688pt>
File: 43.png Graphic file (type png)
<use 43.png>
Package pdftex.def Info: 43.png  used on input line 244.
(pdftex.def)             Requested size: 336.12886pt x 256.03008pt.
<44.png, id=145, 165.61874pt x 64.74188pt>
File: 44.png Graphic file (type png)
<use 44.png>
Package pdftex.def Info: 44.png  used on input line 244.
(pdftex.def)             Requested size: 165.61833pt x 64.74171pt.
 [21 <./38.png> <./39.png> <./40.png>]
[22 <./41.png> <./42.png> <./43.png>]
<45.png, id=158, 374.14781pt x 284.56313pt>
File: 45.png Graphic file (type png)
<use 45.png>
Package pdftex.def Info: 45.png  used on input line 245.
(pdftex.def)             Requested size: 374.14688pt x 284.56242pt.
<46.png, id=159, 92.59593pt x 71.51718pt>
File: 46.png Graphic file (type png)
<use 46.png>
Package pdftex.def Info: 46.png  used on input line 245.
(pdftex.def)             Requested size: 92.59569pt x 71.517pt.
<47.png, id=160, 259.7203pt x 161.10187pt>
File: 47.png Graphic file (type png)
<use 47.png>
Package pdftex.def Info: 47.png  used on input line 245.
(pdftex.def)             Requested size: 259.71967pt x 161.10147pt.
 [23 <./44.png> <./45.png> <./46.png>]
<48.png, id=167, 326.72063pt x 213.79875pt>
File: 48.png Graphic file (type png)
<use 48.png>
Package pdftex.def Info: 48.png  used on input line 247.
(pdftex.def)             Requested size: 326.71982pt x 213.79822pt.
<49.png, id=168, 306.39468pt x 218.31563pt>
File: 49.png Graphic file (type png)
<use 49.png>
Package pdftex.def Info: 49.png  used on input line 248.
(pdftex.def)             Requested size: 306.39394pt x 218.31508pt.

[24 <./47.png> <./48.png>]
<50.png, id=174, 277.035pt x 55.70813pt>
File: 50.png Graphic file (type png)
<use 50.png>
Package pdftex.def Info: 50.png  used on input line 251.
(pdftex.def)             Requested size: 277.03432pt x 55.70798pt.
<51.png, id=175, 237.88875pt x 99.37125pt>
File: 51.png Graphic file (type png)
<use 51.png>
Package pdftex.def Info: 51.png  used on input line 252.
(pdftex.def)             Requested size: 237.88815pt x 99.371pt.
<52.png, id=176, 322.95656pt x 54.9553pt>
File: 52.png Graphic file (type png)
<use 52.png>
Package pdftex.def Info: 52.png  used on input line 253.
(pdftex.def)             Requested size: 322.95576pt x 54.95515pt.
<53.png, id=177, 256.70906pt x 103.13531pt>
File: 53.png Graphic file (type png)
<use 53.png>
Package pdftex.def Info: 53.png  used on input line 253.
(pdftex.def)             Requested size: 256.70842pt x 103.13504pt.

Underfull \hbox (badness 10000) in paragraph at lines 253--254

 []

[25 <./49.png> <./50.png> <./51.png>]
<54.png, id=185, 334.24875pt x 184.43906pt>
File: 54.png Graphic file (type png)
<use 54.png>
Package pdftex.def Info: 54.png  used on input line 255.
(pdftex.def)             Requested size: 334.24792pt x 184.4386pt.
<55.png, id=186, 398.23781pt x 376.40625pt>
File: 55.png Graphic file (type png)
<use 55.png>
Package pdftex.def Info: 55.png  used on input line 256.
(pdftex.def)             Requested size: 398.23683pt x 376.40532pt.
 [26 <./52.png> <./53.png> <./54.png>]
<56.png, id=193, 447.92343pt x 212.29312pt>
File: 56.png Graphic file (type png)
<use 56.png>
Package pdftex.def Info: 56.png  used on input line 257.
(pdftex.def)             Requested size: 425.52484pt x 201.67732pt.
<57.png, id=194, 397.485pt x 197.98969pt>
File: 57.png Graphic file (type png)
<use 57.png>
Package pdftex.def Info: 57.png  used on input line 257.
(pdftex.def)             Requested size: 397.48402pt x 197.9892pt.

[27 <./55.png> <./56.png>] [28 <./57.png>]
<58.png, id=204, 469.755pt x 130.23656pt>
File: 58.png Graphic file (type png)
<use 58.png>
Package pdftex.def Info: 58.png  used on input line 268.
(pdftex.def)             Requested size: 469.75386pt x 130.23624pt.
<59.png, id=205, 255.95625pt x 106.89937pt>
File: 59.png Graphic file (type png)
<use 59.png>
Package pdftex.def Info: 59.png  used on input line 268.
(pdftex.def)             Requested size: 255.95561pt x 106.8991pt.

Overfull \hbox (28.73613pt too wide) in paragraph at lines 267--269
[] 
 []

<60.png, id=206, 451.6875pt x 164.86594pt>
File: 60.png Graphic file (type png)
<use 60.png>
Package pdftex.def Info: 60.png  used on input line 271.
(pdftex.def)             Requested size: 316.17908pt x 115.40535pt.
<61.png, id=207, 242.40562pt x 53.44969pt>
File: 61.png Graphic file (type png)
<use 61.png>
Package pdftex.def Info: 61.png  used on input line 272.
(pdftex.def)             Requested size: 242.40501pt x 53.44954pt.
[29 <./58.png> <./59.png> <./60.png>]
<62.png, id=214, 234.1247pt x 70.01157pt>
File: 62.png Graphic file (type png)
<use 62.png>
Package pdftex.def Info: 62.png  used on input line 273.
(pdftex.def)             Requested size: 234.12411pt x 70.01138pt.
<63.png, id=215, 390.70969pt x 188.95593pt>
File: 63.png Graphic file (type png)
<use 63.png>
Package pdftex.def Info: 63.png  used on input line 273.
(pdftex.def)             Requested size: 390.70872pt x 188.95546pt.
<64.png, id=216, 365.11406pt x 144.54pt>
File: 64.png Graphic file (type png)
<use 64.png>
Package pdftex.def Info: 64.png  used on input line 273.
(pdftex.def)             Requested size: 365.11316pt x 144.53963pt.
<65.png, id=217, 203.25937pt x 85.06781pt>
File: 65.png Graphic file (type png)
<use 65.png>
Package pdftex.def Info: 65.png  used on input line 273.
(pdftex.def)             Requested size: 203.25887pt x 85.0676pt.
 [30 <./61.png> <./62.png> <./63.png>]
<66.png, id=224, 243.91125pt x 63.98906pt>
File: 66.png Graphic file (type png)
<use 66.png>
Package pdftex.def Info: 66.png  used on input line 275.
(pdftex.def)             Requested size: 243.91064pt x 63.98889pt.
File: 66.png Graphic file (type png)
<use 66.png>
Package pdftex.def Info: 66.png  used on input line 275.
(pdftex.def)             Requested size: 243.91064pt x 63.98889pt.
<67.png, id=225, 438.13687pt x 80.55093pt>
File: 67.png Graphic file (type png)
<use 67.png>
Package pdftex.def Info: 67.png  used on input line 277.
(pdftex.def)             Requested size: 438.13579pt x 80.55074pt.
<68.png, id=226, 371.88937pt x 44.41594pt>
File: 68.png Graphic file (type png)
<use 68.png>
Package pdftex.def Info: 68.png  used on input line 277.
(pdftex.def)             Requested size: 371.88846pt x 44.41582pt.

[31 <./64.png> <./65.png> <./66.png>]
<69.png, id=234, 1026.08344pt x 501.37312pt>
File: 69.png Graphic file (type png)
<use 69.png>
Package pdftex.def Info: 69.png  used on input line 284.
(pdftex.def)             Requested size: 430.9521pt x 210.57527pt.
<70.png, id=235, 1028.34187pt x 499.8675pt>
File: 70.png Graphic file (type png)
<use 70.png>
Package pdftex.def Info: 70.png  used on input line 288.
(pdftex.def)             Requested size: 431.90065pt x 209.94292pt.
 [32 <./67.png> <./68.png> <./69.png>]
<71.png, id=242, 1028.34187pt x 500.62032pt>
File: 71.png Graphic file (type png)
<use 71.png>
Package pdftex.def Info: 71.png  used on input line 292.
(pdftex.def)             Requested size: 431.90065pt x 210.2591pt.
<72.png, id=243, 1017.04968pt x 523.20468pt>
File: 72.png Graphic file (type png)
<use 72.png>
Package pdftex.def Info: 72.png  used on input line 296.
(pdftex.def)             Requested size: 427.15796pt x 219.74446pt.

[33 <./70.png> <./71.png>]
<73.png, id=249, 1026.83624pt x 499.11469pt>
File: 73.png Graphic file (type png)
<use 73.png>
Package pdftex.def Info: 73.png  used on input line 300.
(pdftex.def)             Requested size: 431.26828pt x 209.62672pt.
 [34 <./72.png> <./73.png>]
Ch\uhorn \ohorn ng 3.

Underfull \hbox (badness 10000) in paragraph at lines 303--309

 []


Underfull \hbox (badness 10000) in paragraph at lines 303--309

 []

[35

]
Underfull \hbox (badness 10000) in paragraph at lines 313--314
[]\T5/cmr/m/n/13 https://viblo.asia/p/so-sanh-giua-reactjs-va-vuejs-va-angular-

 []

[36

] ([TTKT][BC].aux)

LaTeX Font Warning: Size substitutions with differences
(Font)              up to 1.0pt have occurred.


LaTeX Warning: There were multiply-defined labels.

 ) 
Here is how much of TeX's memory you used:
 4998 strings out of 492970
 68364 string characters out of 3126594
 158711 words of memory out of 3000000
 8707 multiletter control sequences out of 15000+200000
 26444 words of font info for 60 fonts, out of 3000000 for 9000
 1141 hyphenation exceptions out of 8191
 51i,8n,55p,1427b,271s stack positions out of 5000i,500n,10000p,200000b,50000s
<C:/Users/hoang/AppData/Local/Programs/MiKTeX 2.9/fonts/type1/public/amsfonts
/cm/cmsy10.pfb><C:/Users/hoang/AppData/Local/Programs/MiKTeX 2.9/fonts/type1/vn
tex/vnr/vnbx12.pfb><C:/Users/hoang/AppData/Local/Programs/MiKTeX 2.9/fonts/type
1/vntex/vnr/vnr12.pfb><C:/Users/hoang/AppData/Local/Programs/MiKTeX 2.9/fonts/t
ype1/vntex/vnr/vnti12.pfb>
Output written on [TTKT][BC].pdf (36 pages, 1939761 bytes).
PDF statistics:
 275 PDF objects out of 1000 (max. 8388607)
 0 named destinations out of 1000 (max. 500000)
 366 words of extra memory for PDF output out of 10000 (max. 10000000)

